<?xml version="1.0" encoding="UTF-8"?>
<!-- Generated by org.testng.reporters.JUnitReportReporter -->
<testsuite skipped="0" hostname="LAPTOP-B6HEUMQF" name="com.test02.test.NewTest" tests="1" failures="0" timestamp="2021-02-06T10:34:40 EST" time="0.009" errors="0">
  <testcase name="TestPass" time="0.009" classname="com.test02.test.NewTest"/>
  <system-out/>
</testsuite> <!-- com.test02.test.NewTest -->
